<?xml version="1.0" encoding="UTF-8"?>
<testng-results skipped="0" failed="0" ignored="0" total="1" passed="1">
  <reporter-output>
  </reporter-output>
  <suite name="ComaprePrice Automation Test Suite" duration-ms="20830" started-at="2020-01-26T17:08:34Z" finished-at="2020-01-26T17:08:55Z">
    <groups>
    </groups>
    <test name="ComaprePrice Automation Test Cases" duration-ms="20830" started-at="2020-01-26T17:08:34Z" finished-at="2020-01-26T17:08:55Z">
      <class name="com.qa.automation.tests.SelectedIphoneFlipkartPageTest">
        <test-method status="PASS" signature="setUp()[pri:0, instance:com.qa.automation.tests.SelectedIphoneFlipkartPageTest@91161c7]" name="setUp" is-config="true" duration-ms="19810" started-at="2020-01-26T22:38:34Z" finished-at="2020-01-26T22:38:54Z">
          <reporter-output>
          </reporter-output>
        </test-method> <!-- setUp -->
        <test-method status="PASS" signature="getIphonePriceFromAmazonTest()[pri:0, instance:com.qa.automation.tests.SelectedIphoneFlipkartPageTest@91161c7]" name="getIphonePriceFromAmazonTest" duration-ms="115" started-at="2020-01-26T22:38:54Z" finished-at="2020-01-26T22:38:54Z">
          <reporter-output>
          </reporter-output>
        </test-method> <!-- getIphonePriceFromAmazonTest -->
        <test-method status="PASS" signature="tearDown()[pri:0, instance:com.qa.automation.tests.SelectedIphoneFlipkartPageTest@91161c7]" name="tearDown" is-config="true" duration-ms="838" started-at="2020-01-26T22:38:54Z" finished-at="2020-01-26T22:38:55Z">
          <reporter-output>
          </reporter-output>
        </test-method> <!-- tearDown -->
      </class> <!-- com.qa.automation.tests.SelectedIphoneFlipkartPageTest -->
    </test> <!-- ComaprePrice Automation Test Cases -->
  </suite> <!-- ComaprePrice Automation Test Suite -->
</testng-results>
